[2025-12-30 19:42:39,798] 24 root - INFO - Data Ingestion started for Breast-Cancer
[2025-12-30 19:42:39,906] 47 root - INFO - Ingestion completed for Breast-Cancer
[2025-12-30 19:42:39,907] 24 root - INFO - Data Ingestion started for Heart-Diseases
[2025-12-30 19:42:39,942] 47 root - INFO - Ingestion completed for Heart-Diseases
[2025-12-30 19:42:39,942] 24 root - INFO - Data Ingestion started for Diabetes-Diseases
[2025-12-30 19:42:39,970] 47 root - INFO - Ingestion completed for Diabetes-Diseases
[2025-12-30 19:42:39,970] 24 root - INFO - Data Ingestion started for Kidney-Diseases
[2025-12-30 19:42:40,006] 47 root - INFO - Ingestion completed for Kidney-Diseases
[2025-12-30 19:42:40,195] 128 root - INFO - Train and Test data loaded
[2025-12-30 19:42:40,203] 103 root - INFO - Numerical Columns: ['radius_mean', 'texture_mean', 'perimeter_mean', 'area_mean', 'smoothness_mean', 'compactness_mean', 'concavity_mean', 'concave points_mean', 'symmetry_mean', 'fractal_dimension_mean']
[2025-12-30 19:42:40,203] 104 root - INFO - Categorical Columns: []
[2025-12-30 19:42:40,244] 151 root - INFO - Preprocessing completed with RobustScaler
[2025-12-30 19:42:40,285] 128 root - INFO - Train and Test data loaded
[2025-12-30 19:42:40,287] 103 root - INFO - Numerical Columns: ['age', 'trestbps', 'chol', 'thalach', 'oldpeak']
[2025-12-30 19:42:40,287] 104 root - INFO - Categorical Columns: ['sex', 'cp', 'fbs', 'restecg', 'exang', 'slope', 'ca', 'thal']
[2025-12-30 19:42:40,348] 151 root - INFO - Preprocessing completed with RobustScaler
[2025-12-30 19:42:40,411] 128 root - INFO - Train and Test data loaded
[2025-12-30 19:42:40,413] 103 root - INFO - Numerical Columns: ['Pregnancies', 'Glucose', 'BloodPressure', 'SkinThickness', 'Insulin', 'BMI', 'DiabetesPedigreeFunction', 'Age']
[2025-12-30 19:42:40,413] 104 root - INFO - Categorical Columns: []
[2025-12-30 19:42:40,443] 151 root - INFO - Preprocessing completed with RobustScaler
[2025-12-30 19:42:40,520] 128 root - INFO - Train and Test data loaded
[2025-12-30 19:42:40,522] 103 root - INFO - Numerical Columns: ['age', 'bp', 'bgr', 'bu', 'sc', 'sod', 'pot', 'hemo', 'pcv', 'wc', 'rc', 'sg', 'al', 'su']
[2025-12-30 19:42:40,522] 104 root - INFO - Categorical Columns: ['rbc', 'pc', 'pcc', 'ba', 'htn', 'dm', 'cad', 'appet', 'pe', 'ane']
[2025-12-30 19:42:40,572] 151 root - INFO - Preprocessing completed with RobustScaler
