[2025-12-31 10:13:33,933] 26 root - INFO - Data Ingestion started for Breast-Cancer
[2025-12-31 10:13:34,024] 49 root - INFO - Ingestion completed for Breast-Cancer
[2025-12-31 10:13:34,025] 26 root - INFO - Data Ingestion started for Heart-Diseases
[2025-12-31 10:13:34,055] 49 root - INFO - Ingestion completed for Heart-Diseases
[2025-12-31 10:13:34,055] 26 root - INFO - Data Ingestion started for Diabetes-Diseases
[2025-12-31 10:13:34,078] 49 root - INFO - Ingestion completed for Diabetes-Diseases
[2025-12-31 10:13:34,078] 26 root - INFO - Data Ingestion started for Kidney-Diseases
[2025-12-31 10:13:34,111] 49 root - INFO - Ingestion completed for Kidney-Diseases
[2025-12-31 10:13:34,236] 133 root - INFO - Train and Test data loaded
[2025-12-31 10:13:34,241] 142 root - INFO - Encoding categorical target variable
[2025-12-31 10:13:34,244] 151 root - INFO - Target mapping used : {'B': 0, 'M': 1}
[2025-12-31 10:13:34,244] 167 root - INFO - Final numerical features: ['radius_mean', 'texture_mean', 'perimeter_mean', 'area_mean', 'smoothness_mean', 'compactness_mean', 'concavity_mean', 'concave points_mean', 'symmetry_mean', 'fractal_dimension_mean', 'radius_se', 'texture_se', 'perimeter_se', 'area_se', 'smoothness_se', 'compactness_se', 'concavity_se', 'concave points_se', 'symmetry_se', 'fractal_dimension_se', 'radius_worst', 'texture_worst', 'perimeter_worst', 'area_worst', 'smoothness_worst', 'compactness_worst', 'concavity_worst', 'concave points_worst', 'symmetry_worst', 'fractal_dimension_worst']
[2025-12-31 10:13:34,244] 168 root - INFO - Final categorical features: []
[2025-12-31 10:13:34,244] 108 root - INFO - Numerical Columns: ['radius_mean', 'texture_mean', 'perimeter_mean', 'area_mean', 'smoothness_mean', 'compactness_mean', 'concavity_mean', 'concave points_mean', 'symmetry_mean', 'fractal_dimension_mean', 'radius_se', 'texture_se', 'perimeter_se', 'area_se', 'smoothness_se', 'compactness_se', 'concavity_se', 'concave points_se', 'symmetry_se', 'fractal_dimension_se', 'radius_worst', 'texture_worst', 'perimeter_worst', 'area_worst', 'smoothness_worst', 'compactness_worst', 'concavity_worst', 'concave points_worst', 'symmetry_worst', 'fractal_dimension_worst']
[2025-12-31 10:13:34,244] 109 root - INFO - Categorical Columns: []
[2025-12-31 10:13:34,275] 185 root - INFO - Preprocessing completed with RobustScaler
[2025-12-31 10:13:34,304] 133 root - INFO - Train and Test data loaded
[2025-12-31 10:13:34,306] 167 root - INFO - Final numerical features: ['age', 'trestbps', 'chol', 'thalach', 'oldpeak']
[2025-12-31 10:13:34,306] 168 root - INFO - Final categorical features: ['sex', 'cp', 'fbs', 'restecg', 'exang', 'slope', 'ca', 'thal']
[2025-12-31 10:13:34,306] 108 root - INFO - Numerical Columns: ['age', 'trestbps', 'chol', 'thalach', 'oldpeak']
[2025-12-31 10:13:34,307] 109 root - INFO - Categorical Columns: ['sex', 'cp', 'fbs', 'restecg', 'exang', 'slope', 'ca', 'thal']
[2025-12-31 10:13:34,355] 185 root - INFO - Preprocessing completed with RobustScaler
[2025-12-31 10:13:34,386] 133 root - INFO - Train and Test data loaded
[2025-12-31 10:13:34,388] 167 root - INFO - Final numerical features: ['Pregnancies', 'Glucose', 'BloodPressure', 'SkinThickness', 'Insulin', 'BMI', 'DiabetesPedigreeFunction', 'Age']
[2025-12-31 10:13:34,388] 168 root - INFO - Final categorical features: []
[2025-12-31 10:13:34,388] 108 root - INFO - Numerical Columns: ['Pregnancies', 'Glucose', 'BloodPressure', 'SkinThickness', 'Insulin', 'BMI', 'DiabetesPedigreeFunction', 'Age']
[2025-12-31 10:13:34,388] 109 root - INFO - Categorical Columns: []
[2025-12-31 10:13:34,405] 185 root - INFO - Preprocessing completed with RobustScaler
[2025-12-31 10:13:34,457] 133 root - INFO - Train and Test data loaded
[2025-12-31 10:13:34,459] 142 root - INFO - Encoding categorical target variable
[2025-12-31 10:13:34,460] 151 root - INFO - Target mapping used : {'ckd': 0, 'notckd': 1, 'ckd\t': 2}
[2025-12-31 10:13:34,460] 167 root - INFO - Final numerical features: ['age', 'bp', 'bgr', 'bu', 'sc', 'sod', 'pot', 'hemo', 'pcv', 'wc', 'rc', 'sg', 'al', 'su']
[2025-12-31 10:13:34,461] 168 root - INFO - Final categorical features: ['rbc', 'pc', 'pcc', 'ba', 'htn', 'dm', 'cad', 'appet', 'pe', 'ane']
[2025-12-31 10:13:34,461] 108 root - INFO - Numerical Columns: ['age', 'bp', 'bgr', 'bu', 'sc', 'sod', 'pot', 'hemo', 'pcv', 'wc', 'rc', 'sg', 'al', 'su']
[2025-12-31 10:13:34,461] 109 root - INFO - Categorical Columns: ['rbc', 'pc', 'pcc', 'ba', 'htn', 'dm', 'cad', 'appet', 'pe', 'ane']
[2025-12-31 10:13:34,502] 185 root - INFO - Preprocessing completed with RobustScaler
[2025-12-31 10:13:34,503] 45 root - INFO - Model training start for dataset: breast_cancer
[2025-12-31 10:13:34,503] 74 root - INFO - Training model: Logistic Regression
