[2025-12-30 19:31:04,556] 24 root - INFO - Data Ingestion started for Breast-Cancer
[2025-12-30 19:31:04,657] 47 root - INFO - Ingestion completed for Breast-Cancer
[2025-12-30 19:31:04,657] 24 root - INFO - Data Ingestion started for Heart-Diseases
[2025-12-30 19:31:04,691] 47 root - INFO - Ingestion completed for Heart-Diseases
[2025-12-30 19:31:04,691] 24 root - INFO - Data Ingestion started for Diabetes-Diseases
[2025-12-30 19:31:04,716] 47 root - INFO - Ingestion completed for Diabetes-Diseases
[2025-12-30 19:31:04,716] 24 root - INFO - Data Ingestion started for Kidney-Diseases
[2025-12-30 19:31:04,751] 47 root - INFO - Ingestion completed for Kidney-Diseases
[2025-12-30 19:31:04,922] 122 root - INFO - Train and Test data loaded
[2025-12-30 19:31:04,929] 101 root - INFO - Numerical Columns: ['radius_mean', 'texture_mean', 'perimeter_mean', 'area_mean', 'smoothness_mean', 'compactness_mean', 'concavity_mean', 'concave points_mean', 'symmetry_mean', 'fractal_dimension_mean']
[2025-12-30 19:31:04,930] 102 root - INFO - Categorical Columns: []
[2025-12-30 19:31:04,962] 145 root - INFO - Preprocessing completed with RobustScaler
[2025-12-30 19:31:04,998] 122 root - INFO - Train and Test data loaded
[2025-12-30 19:31:05,000] 101 root - INFO - Numerical Columns: ['age', 'trestbps', 'chol', 'thalach', 'oldpeak']
[2025-12-30 19:31:05,000] 102 root - INFO - Categorical Columns: ['sex', 'cp', 'fbs', 'restecg', 'exang', 'slope', 'ca', 'thal']
[2025-12-30 19:31:05,055] 145 root - INFO - Preprocessing completed with RobustScaler
[2025-12-30 19:31:05,100] 122 root - INFO - Train and Test data loaded
[2025-12-30 19:31:05,102] 101 root - INFO - Numerical Columns: ['Pregnancies', 'Glucose', 'BloodPressure', 'SkinThickness', 'Insulin', 'BMI', 'DiabetesPedigreeFunction', 'Age']
[2025-12-30 19:31:05,103] 102 root - INFO - Categorical Columns: []
[2025-12-30 19:31:05,122] 145 root - INFO - Preprocessing completed with RobustScaler
[2025-12-30 19:31:05,183] 122 root - INFO - Train and Test data loaded
[2025-12-30 19:31:05,184] 101 root - INFO - Numerical Columns: ['age', 'bp', 'bgr', 'bu', 'sc', 'sod', 'pot', 'hemo', 'pcv', 'wc', 'rc']
[2025-12-30 19:31:05,184] 102 root - INFO - Categorical Columns: ['rbc', 'pc', 'pcc', 'ba', 'htn', 'dm', 'cad', 'appet', 'pe', 'ane']
