[2025-12-30 19:37:37,880] 24 root - INFO - Data Ingestion started for Breast-Cancer
[2025-12-30 19:37:38,005] 47 root - INFO - Ingestion completed for Breast-Cancer
[2025-12-30 19:37:38,005] 24 root - INFO - Data Ingestion started for Heart-Diseases
[2025-12-30 19:37:38,042] 47 root - INFO - Ingestion completed for Heart-Diseases
[2025-12-30 19:37:38,043] 24 root - INFO - Data Ingestion started for Diabetes-Diseases
[2025-12-30 19:37:38,075] 47 root - INFO - Ingestion completed for Diabetes-Diseases
[2025-12-30 19:37:38,076] 24 root - INFO - Data Ingestion started for Kidney-Diseases
[2025-12-30 19:37:38,120] 47 root - INFO - Ingestion completed for Kidney-Diseases
[2025-12-30 19:37:38,326] 126 root - INFO - Train and Test data loaded
[2025-12-30 19:37:38,337] 101 root - INFO - Numerical Columns: ['radius_mean', 'texture_mean', 'perimeter_mean', 'area_mean', 'smoothness_mean', 'compactness_mean', 'concavity_mean', 'concave points_mean', 'symmetry_mean', 'fractal_dimension_mean']
[2025-12-30 19:37:38,338] 102 root - INFO - Categorical Columns: []
[2025-12-30 19:37:38,385] 149 root - INFO - Preprocessing completed with RobustScaler
[2025-12-30 19:37:38,440] 126 root - INFO - Train and Test data loaded
[2025-12-30 19:37:38,443] 101 root - INFO - Numerical Columns: ['age', 'trestbps', 'chol', 'thalach', 'oldpeak']
[2025-12-30 19:37:38,443] 102 root - INFO - Categorical Columns: ['sex', 'cp', 'fbs', 'restecg', 'exang', 'slope', 'ca', 'thal']
[2025-12-30 19:37:38,522] 149 root - INFO - Preprocessing completed with RobustScaler
[2025-12-30 19:37:38,580] 126 root - INFO - Train and Test data loaded
[2025-12-30 19:37:38,582] 101 root - INFO - Numerical Columns: ['Pregnancies', 'Glucose', 'BloodPressure', 'SkinThickness', 'Insulin', 'BMI', 'DiabetesPedigreeFunction', 'Age']
[2025-12-30 19:37:38,582] 102 root - INFO - Categorical Columns: []
[2025-12-30 19:37:38,603] 149 root - INFO - Preprocessing completed with RobustScaler
[2025-12-30 19:37:38,678] 126 root - INFO - Train and Test data loaded
[2025-12-30 19:37:38,681] 101 root - INFO - Numerical Columns: ['age', 'bp', 'bgr', 'bu', 'sc', 'sod', 'pot', 'hemo', 'pcv', 'wc', 'rc', 'sg', 'al', 'su']
[2025-12-30 19:37:38,681] 102 root - INFO - Categorical Columns: ['rbc', 'pc', 'pcc', 'ba', 'htn', 'dm', 'cad', 'appet', 'pe', 'ane']
[2025-12-30 19:37:38,773] 149 root - INFO - Preprocessing completed with RobustScaler
