[2025-12-31 10:17:04,080] 26 root - INFO - Data Ingestion started for Breast-Cancer
[2025-12-31 10:17:04,175] 49 root - INFO - Ingestion completed for Breast-Cancer
[2025-12-31 10:17:04,175] 26 root - INFO - Data Ingestion started for Heart-Diseases
[2025-12-31 10:17:04,203] 49 root - INFO - Ingestion completed for Heart-Diseases
[2025-12-31 10:17:04,203] 26 root - INFO - Data Ingestion started for Diabetes-Diseases
[2025-12-31 10:17:04,225] 49 root - INFO - Ingestion completed for Diabetes-Diseases
[2025-12-31 10:17:04,225] 26 root - INFO - Data Ingestion started for Kidney-Diseases
[2025-12-31 10:17:04,255] 49 root - INFO - Ingestion completed for Kidney-Diseases
[2025-12-31 10:17:04,388] 133 root - INFO - Train and Test data loaded
[2025-12-31 10:17:04,393] 142 root - INFO - Encoding categorical target variable
[2025-12-31 10:17:04,396] 151 root - INFO - Target mapping used : {'B': 0, 'M': 1}
[2025-12-31 10:17:04,397] 167 root - INFO - Final numerical features: ['radius_mean', 'texture_mean', 'perimeter_mean', 'area_mean', 'smoothness_mean', 'compactness_mean', 'concavity_mean', 'concave points_mean', 'symmetry_mean', 'fractal_dimension_mean', 'radius_se', 'texture_se', 'perimeter_se', 'area_se', 'smoothness_se', 'compactness_se', 'concavity_se', 'concave points_se', 'symmetry_se', 'fractal_dimension_se', 'radius_worst', 'texture_worst', 'perimeter_worst', 'area_worst', 'smoothness_worst', 'compactness_worst', 'concavity_worst', 'concave points_worst', 'symmetry_worst', 'fractal_dimension_worst']
[2025-12-31 10:17:04,397] 168 root - INFO - Final categorical features: []
[2025-12-31 10:17:04,397] 108 root - INFO - Numerical Columns: ['radius_mean', 'texture_mean', 'perimeter_mean', 'area_mean', 'smoothness_mean', 'compactness_mean', 'concavity_mean', 'concave points_mean', 'symmetry_mean', 'fractal_dimension_mean', 'radius_se', 'texture_se', 'perimeter_se', 'area_se', 'smoothness_se', 'compactness_se', 'concavity_se', 'concave points_se', 'symmetry_se', 'fractal_dimension_se', 'radius_worst', 'texture_worst', 'perimeter_worst', 'area_worst', 'smoothness_worst', 'compactness_worst', 'concavity_worst', 'concave points_worst', 'symmetry_worst', 'fractal_dimension_worst']
[2025-12-31 10:17:04,397] 109 root - INFO - Categorical Columns: []
[2025-12-31 10:17:04,428] 185 root - INFO - Preprocessing completed with RobustScaler
[2025-12-31 10:17:04,456] 133 root - INFO - Train and Test data loaded
[2025-12-31 10:17:04,458] 167 root - INFO - Final numerical features: ['age', 'trestbps', 'chol', 'thalach', 'oldpeak']
[2025-12-31 10:17:04,458] 168 root - INFO - Final categorical features: ['sex', 'cp', 'fbs', 'restecg', 'exang', 'slope', 'ca', 'thal']
[2025-12-31 10:17:04,458] 108 root - INFO - Numerical Columns: ['age', 'trestbps', 'chol', 'thalach', 'oldpeak']
[2025-12-31 10:17:04,458] 109 root - INFO - Categorical Columns: ['sex', 'cp', 'fbs', 'restecg', 'exang', 'slope', 'ca', 'thal']
[2025-12-31 10:17:04,507] 185 root - INFO - Preprocessing completed with RobustScaler
[2025-12-31 10:17:04,561] 133 root - INFO - Train and Test data loaded
[2025-12-31 10:17:04,563] 167 root - INFO - Final numerical features: ['Pregnancies', 'Glucose', 'BloodPressure', 'SkinThickness', 'Insulin', 'BMI', 'DiabetesPedigreeFunction', 'Age']
[2025-12-31 10:17:04,563] 168 root - INFO - Final categorical features: []
[2025-12-31 10:17:04,563] 108 root - INFO - Numerical Columns: ['Pregnancies', 'Glucose', 'BloodPressure', 'SkinThickness', 'Insulin', 'BMI', 'DiabetesPedigreeFunction', 'Age']
[2025-12-31 10:17:04,564] 109 root - INFO - Categorical Columns: []
[2025-12-31 10:17:04,581] 185 root - INFO - Preprocessing completed with RobustScaler
[2025-12-31 10:17:04,633] 133 root - INFO - Train and Test data loaded
[2025-12-31 10:17:04,635] 142 root - INFO - Encoding categorical target variable
[2025-12-31 10:17:04,636] 151 root - INFO - Target mapping used : {'ckd': 0, 'notckd': 1, 'ckd\t': 2}
[2025-12-31 10:17:04,637] 167 root - INFO - Final numerical features: ['age', 'bp', 'bgr', 'bu', 'sc', 'sod', 'pot', 'hemo', 'pcv', 'wc', 'rc', 'sg', 'al', 'su']
[2025-12-31 10:17:04,637] 168 root - INFO - Final categorical features: ['rbc', 'pc', 'pcc', 'ba', 'htn', 'dm', 'cad', 'appet', 'pe', 'ane']
[2025-12-31 10:17:04,637] 108 root - INFO - Numerical Columns: ['age', 'bp', 'bgr', 'bu', 'sc', 'sod', 'pot', 'hemo', 'pcv', 'wc', 'rc', 'sg', 'al', 'su']
[2025-12-31 10:17:04,637] 109 root - INFO - Categorical Columns: ['rbc', 'pc', 'pcc', 'ba', 'htn', 'dm', 'cad', 'appet', 'pe', 'ane']
[2025-12-31 10:17:04,678] 185 root - INFO - Preprocessing completed with RobustScaler
[2025-12-31 10:17:04,678] 45 root - INFO - Model training start for dataset: breast_cancer
[2025-12-31 10:17:04,678] 74 root - INFO - Training model: Logistic Regression
[2025-12-31 10:17:04,730] 74 root - INFO - Training model: SVM
[2025-12-31 10:17:04,751] 74 root - INFO - Training model: Decision Tree
[2025-12-31 10:17:04,760] 74 root - INFO - Training model: Random Forest
[2025-12-31 10:17:05,188] 74 root - INFO - Training model: Gradient Boosting
[2025-12-31 10:17:08,120] 74 root - INFO - Training model: XGBoost
